file:///home/node/.openclaw/workspace/node_modules/.pnpm/oxfmt@0.35.0/node_modules/oxfmt/dist/bindings-Bg9JnrLc.js:457
	if (loadErrors.length > 0) throw new Error("Cannot find native binding. npm has a bug related to optional dependencies (https://github.com/npm/cli/issues/4828). Please try `npm i` again after removing both package-lock.json and node_modules directory.", { cause: loadErrors.reduce((err, cur) => {
	                                 ^

Error: Cannot find native binding. npm has a bug related to optional dependencies (https://github.com/npm/cli/issues/4828). Please try `npm i` again after removing both package-lock.json and node_modules directory.
    at file:///home/node/.openclaw/workspace/node_modules/.pnpm/oxfmt@0.35.0/node_modules/oxfmt/dist/bindings-Bg9JnrLc.js:457:35
    at ModuleJob.run (node:internal/modules/esm/module_job:343:25)
    at async onImport.tracePromise.__proto__ (node:internal/modules/esm/loader:665:26)
    at async asyncRunEntryPointWithESMLoader (node:internal/modules/run_main:117:5) {
  [cause]: Error: Cannot find module '@oxfmt/binding-linux-arm64-gnu'
  Require stack:
  - /home/node/.openclaw/workspace/node_modules/.pnpm/oxfmt@0.35.0/node_modules/oxfmt/dist/bindings-Bg9JnrLc.js
      at Function._resolveFilename (node:internal/modules/cjs/loader:1383:15)
      ... 6 lines matching cause stack trace ...
      at require (node:internal/modules/helpers:147:16)
      at requireNative (file:///home/node/.openclaw/workspace/node_modules/.pnpm/oxfmt@0.35.0/node_modules/oxfmt/dist/bindings-Bg9JnrLc.js:261:20)
      at file:///home/node/.openclaw/workspace/node_modules/.pnpm/oxfmt@0.35.0/node_modules/oxfmt/dist/bindings-Bg9JnrLc.js:430:17 {
    code: 'MODULE_NOT_FOUND',
    requireStack: [
      '/home/node/.openclaw/workspace/node_modules/.pnpm/oxfmt@0.35.0/node_modules/oxfmt/dist/bindings-Bg9JnrLc.js'
    ],
    cause: Error: Cannot find module './oxfmt.linux-arm64-gnu.node'
    Require stack:
    - /home/node/.openclaw/workspace/node_modules/.pnpm/oxfmt@0.35.0/node_modules/oxfmt/dist/bindings-Bg9JnrLc.js
        at Function._resolveFilename (node:internal/modules/cjs/loader:1383:15)
        at defaultResolveImpl (node:internal/modules/cjs/loader:1025:19)
        at resolveForCJSWithHooks (node:internal/modules/cjs/loader:1030:22)
        at Function._load (node:internal/modules/cjs/loader:1192:37)
        at TracingChannel.traceSync (node:diagnostics_channel:328:14)
        at wrapModuleLoad (node:internal/modules/cjs/loader:237:24)
        at Module.require (node:internal/modules/cjs/loader:1463:12)
        at require (node:internal/modules/helpers:147:16)
        at requireNative (file:///home/node/.openclaw/workspace/node_modules/.pnpm/oxfmt@0.35.0/node_modules/oxfmt/dist/bindings-Bg9JnrLc.js:256:11)
        at file:///home/node/.openclaw/workspace/node_modules/.pnpm/oxfmt@0.35.0/node_modules/oxfmt/dist/bindings-Bg9JnrLc.js:430:17 {
      code: 'MODULE_NOT_FOUND',
      requireStack: [
        '/home/node/.openclaw/workspace/node_modules/.pnpm/oxfmt@0.35.0/node_modules/oxfmt/dist/bindings-Bg9JnrLc.js'
      ]
    }
  }
}

Node.js v22.22.0
